#
# There is insufficient memory for the Java Runtime Environment to continue.
# Native memory allocation (malloc) failed to allocate 32744 bytes for ChunkPool::allocate
# Possible reasons:
#   The system is out of physical RAM or swap space
#   In 32 bit mode, the process size limit was hit
# Possible solutions:
#   Reduce memory load on the system
#   Increase physical memory or swap space
#   Check if swap backing store is full
#   Use 64 bit Java on a 64 bit OS
#   Decrease Java heap size (-Xmx/-Xms)
#   Decrease number of Java threads
#   Decrease Java thread stack sizes (-Xss)
#   Set larger code cache with -XX:ReservedCodeCacheSize=
# This output file may be truncated or incomplete.
#
#  Out of Memory Error (allocation.cpp:273), pid=29752, tid=0x000000000000378c
#
# JRE version: OpenJDK Runtime Environment (8.0) (build 1.8.0-adoptopenjdk-_2018_05_19_00_59-b00)
# Java VM: OpenJDK 64-Bit Server VM (25.71-b00 mixed mode windows-amd64 compressed oops)
# Failed to write core dump. Minidumps are not enabled by default on client versions of Windows
#

---------------  T H R E A D  ---------------

Current thread (0x0000000018b6d800):  JavaThread "C1 CompilerThread3" daemon [_thread_in_native, id=14220, stack(0x0000000019630000,0x0000000019730000)]

Stack: [0x0000000019630000,0x0000000019730000]
[error occurred during error reporting (printing stack bounds), id 0xc0000005]

Native frames: (J=compiled Java code, j=interpreted, Vv=VM code, C=native code)


Current CompileTask:
C1:   5091 1948       3       com.sun.org.apache.xerces.internal.impl.xpath.regex.RegularExpression::match (1844 bytes)


---------------  P R O C E S S  ---------------

Java Threads: ( => current thread )
  0x0000000019e10000 JavaThread "Keep-Alive-Timer" daemon [_thread_blocked, id=10476, stack(0x000000001a870000,0x000000001a970000)]
  0x0000000018bf1000 JavaThread "Service Thread" daemon [_thread_blocked, id=33712, stack(0x0000000019730000,0x0000000019830000)]
=>0x0000000018b6d800 JavaThread "C1 CompilerThread3" daemon [_thread_in_native, id=14220, stack(0x0000000019630000,0x0000000019730000)]
  0x0000000018b64000 JavaThread "C2 CompilerThread2" daemon [_thread_blocked, id=19880, stack(0x0000000019530000,0x0000000019630000)]
  0x0000000018b60800 JavaThread "C2 CompilerThread1" daemon [_thread_in_native, id=21712, stack(0x0000000019430000,0x0000000019530000)]
  0x0000000018b5d800 JavaThread "C2 CompilerThread0" daemon [_thread_in_native, id=2684, stack(0x0000000019330000,0x0000000019430000)]
  0x0000000018b5c800 JavaThread "Attach Listener" daemon [_thread_blocked, id=23868, stack(0x0000000019230000,0x0000000019330000)]
  0x0000000016c4e000 JavaThread "Signal Dispatcher" daemon [_thread_blocked, id=33032, stack(0x0000000019130000,0x0000000019230000)]
  0x0000000018b51800 JavaThread "Finalizer" daemon [_thread_blocked, id=30348, stack(0x0000000018f30000,0x0000000019030000)]
  0x00000000025bb000 JavaThread "Reference Handler" daemon [_thread_blocked, id=1192, stack(0x0000000018a30000,0x0000000018b30000)]
  0x00000000024c4800 JavaThread "main" [_thread_in_native, id=19988, stack(0x00000000023c0000,0x00000000024c0000)]

Other Threads:
  0x0000000016c37000 VMThread [stack: 0x0000000018930000,0x0000000018a30000] [id=5168]
  0x0000000018bf2000 WatcherThread [stack: 0x0000000019830000,0x0000000019930000] [id=3244]

VM state:not at safepoint (normal execution)

VM Mutex/Monitor currently owned by a thread: None

Heap:
 PSYoungGen      total 33280K, used 24164K [0x00000000db000000, 0x00000000dd500000, 0x0000000100000000)
  eden space 28672K, 68% used [0x00000000db000000,0x00000000dc31e558,0x00000000dcc00000)
  from space 4608K, 99% used [0x00000000dcc00000,0x00000000dd07ac18,0x00000000dd080000)
  to   space 4608K, 0% used [0x00000000dd080000,0x00000000dd080000,0x00000000dd500000)
 ParOldGen       total 76800K, used 1199K [0x0000000091000000, 0x0000000095b00000, 0x00000000db000000)
  object space 76800K, 1% used [0x0000000091000000,0x000000009112bf98,0x0000000095b00000)
 Metaspace       used 16909K, capacity 17268K, committed 17536K, reserved 1064960K
  class space    used 1952K, capacity 2068K, committed 2176K, reserved 1048576K

Card table byte_map: [0x0000000011980000,0x0000000011d00000] byte_map_base: 0x00000000114f8000

Marking Bits: (ParMarkBitMap*) 0x000000005563be50
 Begin Bits: [0x0000000012750000, 0x0000000014310000)
 End Bits:   [0x0000000014310000, 0x0000000015ed0000)

Polling page: 0x0000000000650000

CodeCache: size=245760Kb used=6610Kb max_used=6620Kb free=239149Kb
 bounds [0x00000000025c0000, 0x0000000002c40000, 0x00000000115c0000]
 total_blobs=2362 nmethods=1944 adapters=332
 compilation: enabled

Compilation events (10 events):
Event: 5.074 Thread 0x0000000018b6d800 nmethod 1944 0x0000000002c36690 code [0x0000000002c36840, 0x0000000002c36d48]
Event: 5.074 Thread 0x0000000018b6d800 1945       3       com.sun.org.apache.xerces.internal.util.SymbolTable$Entry::<init> (43 bytes)
Event: 5.074 Thread 0x0000000018b64000 1940       4       java.util.regex.ASCII::isUpper (18 bytes)
Event: 5.074 Thread 0x0000000018b6d800 nmethod 1945 0x0000000002c35e50 code [0x0000000002c35fe0, 0x0000000002c364d8]
Event: 5.074 Thread 0x0000000018b64000 nmethod 1940 0x0000000002c08110 code [0x0000000002c08240, 0x0000000002c08298]
Event: 5.075 Thread 0x0000000018b6d800 1946       3       com.sun.xml.internal.bind.v2.runtime.unmarshaller.Loader::startElement (1 bytes)
Event: 5.075 Thread 0x0000000018b6d800 nmethod 1946 0x0000000002c3c150 code [0x0000000002c3c2a0, 0x0000000002c3c3f0]
Event: 5.075 Thread 0x0000000018b6d800 1947       3       com.sun.xml.internal.bind.v2.runtime.unmarshaller.Loader::leaveElement (1 bytes)
Event: 5.075 Thread 0x0000000018b6d800 nmethod 1947 0x0000000002c3be50 code [0x0000000002c3bfa0, 0x0000000002c3c0f0]
Event: 5.076 Thread 0x0000000018b6d800 1948       3       com.sun.org.apache.xerces.internal.impl.xpath.regex.RegularExpression::match (1844 bytes)

GC Heap History (2 events):
Event: 3.345 GC heap before
{Heap before GC invocations=1 (full 0):
 PSYoungGen      total 33280K, used 28672K [0x00000000db000000, 0x00000000dd500000, 0x0000000100000000)
  eden space 28672K, 100% used [0x00000000db000000,0x00000000dcc00000,0x00000000dcc00000)
  from space 4608K, 0% used [0x00000000dd080000,0x00000000dd080000,0x00000000dd500000)
  to   space 4608K, 0% used [0x00000000dcc00000,0x00000000dcc00000,0x00000000dd080000)
 ParOldGen       total 76800K, used 0K [0x0000000091000000, 0x0000000095b00000, 0x00000000db000000)
  object space 76800K, 0% used [0x0000000091000000,0x0000000091000000,0x0000000095b00000)
 Metaspace       used 11154K, capacity 11480K, committed 11648K, reserved 1058816K
  class space    used 1266K, capacity 1386K, committed 1408K, reserved 1048576K
Event: 3.367 GC heap after
Heap after GC invocations=1 (full 0):
 PSYoungGen      total 33280K, used 4587K [0x00000000db000000, 0x00000000dd500000, 0x0000000100000000)
  eden space 28672K, 0% used [0x00000000db000000,0x00000000db000000,0x00000000dcc00000)
  from space 4608K, 99% used [0x00000000dcc00000,0x00000000dd07ac18,0x00000000dd080000)
  to   space 4608K, 0% used [0x00000000dd080000,0x00000000dd080000,0x00000000dd500000)
 ParOldGen       total 76800K, used 1199K [0x0000000091000000, 0x0000000095b00000, 0x00000000db000000)
  object space 76800K, 1% used [0x0000000091000000,0x000000009112bf98,0x0000000095b00000)
 Metaspace       used 11154K, capacity 11480K, committed 11648K, reserved 1058816K
  class space    used 1266K, capacity 1386K, committed 1408K, reserved 1048576K
}

Deoptimization events (10 events):
Event: 3.943 Thread 0x00000000024c4800 Uncommon trap: reason=bimorphic action=maybe_recompile pc=0x00000000029d6fa4 method=java.io.DataInputStream.readInt()I @ 4
Event: 3.961 Thread 0x00000000024c4800 Uncommon trap: reason=unstable_if action=reinterpret pc=0x000000000283ef74 method=java.lang.AbstractStringBuilder.append(Ljava/lang/String;)Ljava/lang/AbstractStringBuilder; @ 1
Event: 4.135 Thread 0x00000000024c4800 Uncommon trap: reason=unstable_if action=reinterpret pc=0x0000000002801e70 method=java.lang.AbstractStringBuilder.append(Ljava/lang/String;)Ljava/lang/AbstractStringBuilder; @ 1
Event: 4.221 Thread 0x00000000024c4800 Uncommon trap: reason=unstable_if action=reinterpret pc=0x0000000002971978 method=java.lang.Integer.parseInt(Ljava/lang/String;I)I @ 197
Event: 4.670 Thread 0x00000000024c4800 Uncommon trap: reason=unstable_if action=reinterpret pc=0x0000000002b134f4 method=com.sun.org.apache.xerces.internal.impl.XMLEntityScanner.checkBeforeLoad(Lcom/sun/xml/internal/stream/Entity$ScannedEntity;II)I @ 18
Event: 4.704 Thread 0x00000000024c4800 Uncommon trap: reason=unstable_if action=reinterpret pc=0x0000000002b321cc method=java.util.regex.Pattern$Ctype.isSatisfiedBy(I)Z @ 4
Event: 4.711 Thread 0x00000000024c4800 Uncommon trap: reason=unstable_if action=reinterpret pc=0x0000000002b4aa30 method=java.util.regex.Pattern$NotBehind.match(Ljava/util/regex/Matcher;ILjava/lang/CharSequence;)Z @ 128
Event: 4.750 Thread 0x00000000024c4800 Uncommon trap: reason=unstable_if action=reinterpret pc=0x0000000002b3acc0 method=java.util.regex.Matcher.find()Z @ 34
Event: 4.800 Thread 0x00000000024c4800 Uncommon trap: reason=unstable_if action=reinterpret pc=0x0000000002b721a0 method=com.sun.org.apache.xerces.internal.impl.io.UTF8Reader.read([CII)I @ 117
Event: 4.949 Thread 0x00000000024c4800 Uncommon trap: reason=unstable_if action=reinterpret pc=0x0000000002b5a80c method=java.lang.AbstractStringBuilder.append(Ljava/lang/CharSequence;)Ljava/lang/AbstractStringBuilder; @ 13

Classes redefined (0 events):
No events

Internal exceptions (10 events):
Event: 3.487 Thread 0x00000000024c4800 Implicit null exception at 0x00000000029c8498 to 0x00000000029c85dd
Event: 3.571 Thread 0x00000000024c4800 Exception <a 'java/lang/ClassNotFoundException': com/sun/org/glassfish/hk2/osgiresourcelocator/ServiceLoader> (0x00000000db1356b0) thrown at [C:\Users\jenkins\workspace\openjdk8_build_x86-64_windows\openjdk\hotspot\src\share\vm\classfile\systemDictionary.
Event: 3.595 Thread 0x00000000024c4800 Exception <a 'java/lang/NullPointerException'> (0x00000000db147680) thrown at [C:\Users\jenkins\workspace\openjdk8_build_x86-64_windows\openjdk\hotspot\src\share\vm\interpreter\linkResolver.cpp, line 1287]
Event: 3.744 Thread 0x00000000024c4800 Exception <a 'java/lang/ArrayIndexOutOfBoundsException'> (0x00000000db225e48) thrown at [C:\Users\jenkins\workspace\openjdk8_build_x86-64_windows\openjdk\hotspot\src\share\vm\runtime\sharedRuntime.cpp, line 605]
Event: 3.745 Thread 0x00000000024c4800 Exception <a 'java/lang/ArrayIndexOutOfBoundsException'> (0x00000000db226cd8) thrown at [C:\Users\jenkins\workspace\openjdk8_build_x86-64_windows\openjdk\hotspot\src\share\vm\runtime\sharedRuntime.cpp, line 605]
Event: 3.747 Thread 0x00000000024c4800 Exception <a 'java/lang/ArrayIndexOutOfBoundsException'> (0x00000000db228160) thrown at [C:\Users\jenkins\workspace\openjdk8_build_x86-64_windows\openjdk\hotspot\src\share\vm\runtime\sharedRuntime.cpp, line 605]
Event: 3.777 Thread 0x00000000024c4800 Exception <a 'java/lang/ArrayIndexOutOfBoundsException': 85> (0x00000000db26c258) thrown at [C:\Users\jenkins\workspace\openjdk8_build_x86-64_windows\openjdk\hotspot\src\share\vm\interpreter\interpreterRuntime.cpp, line 366]
Event: 3.961 Thread 0x00000000024c4800 Implicit null exception at 0x000000000283ebd6 to 0x000000000283ef5d
Event: 4.135 Thread 0x00000000024c4800 Implicit null exception at 0x0000000002801ad6 to 0x0000000002801e59
Event: 4.288 Thread 0x00000000024c4800 Exception <a 'java/lang/ClassNotFoundException': com/sun/org/glassfish/hk2/osgiresourcelocator/ServiceLoader> (0x00000000db56fc90) thrown at [C:\Users\jenkins\workspace\openjdk8_build_x86-64_windows\openjdk\hotspot\src\share\vm\classfile\systemDictionary.

Events (10 events):
Event: 5.044 Thread 0x00000000024c4800 DEOPT PACKING pc=0x0000000002b56798 sp=0x00000000024be2f0
Event: 5.044 Thread 0x00000000024c4800 DEOPT UNPACKING pc=0x00000000026071d0 sp=0x00000000024be020 mode 0
Event: 5.050 Thread 0x00000000024c4800 DEOPT PACKING pc=0x0000000002b56798 sp=0x00000000024be2f0
Event: 5.050 Thread 0x00000000024c4800 DEOPT UNPACKING pc=0x00000000026071d0 sp=0x00000000024be020 mode 0
Event: 5.052 Thread 0x00000000024c4800 DEOPT PACKING pc=0x0000000002b56798 sp=0x00000000024be2f0
Event: 5.052 Thread 0x00000000024c4800 DEOPT UNPACKING pc=0x00000000026071d0 sp=0x00000000024be020 mode 0
Event: 5.056 Thread 0x00000000024c4800 DEOPT PACKING pc=0x0000000002b56798 sp=0x00000000024be2f0
Event: 5.056 Thread 0x00000000024c4800 DEOPT UNPACKING pc=0x00000000026071d0 sp=0x00000000024be020 mode 0
Event: 5.059 Thread 0x00000000024c4800 DEOPT PACKING pc=0x0000000002b56798 sp=0x00000000024be2f0
Event: 5.059 Thread 0x00000000024c4800 DEOPT UNPACKING pc=0x00000000026071d0 sp=0x00000000024be020 mode 0


Dynamic libraries:
0x00007ff6b1130000 - 0x00007ff6b1165000 	C:\Program Files\Unity\Hub\Editor\2020.2.2f1\Editor\Data\PlaybackEngines\AndroidPlayer\OpenJDK\bin\java.exe
0x00007ffa3d230000 - 0x00007ffa3d425000 	C:\WINDOWS\SYSTEM32\ntdll.dll
0x00007ffa3c3b0000 - 0x00007ffa3c46d000 	C:\WINDOWS\System32\KERNEL32.DLL
0x00007ffa3aae0000 - 0x00007ffa3ada9000 	C:\WINDOWS\System32\KERNELBASE.dll
0x00007ffa3b580000 - 0x00007ffa3b62c000 	C:\WINDOWS\System32\ADVAPI32.dll
0x00007ffa3b490000 - 0x00007ffa3b52e000 	C:\WINDOWS\System32\msvcrt.dll
0x00007ffa3bd80000 - 0x00007ffa3be1c000 	C:\WINDOWS\System32\sechost.dll
0x00007ffa3c470000 - 0x00007ffa3c59b000 	C:\WINDOWS\System32\RPCRT4.dll
0x00007ffa3b2f0000 - 0x00007ffa3b490000 	C:\WINDOWS\System32\USER32.dll
0x00007ffa3a970000 - 0x00007ffa3a992000 	C:\WINDOWS\System32\win32u.dll
0x00007ffa3b530000 - 0x00007ffa3b55a000 	C:\WINDOWS\System32\GDI32.dll
0x00007ffa3a9d0000 - 0x00007ffa3aadb000 	C:\WINDOWS\System32\gdi32full.dll
0x00007ffa3b0f0000 - 0x00007ffa3b18d000 	C:\WINDOWS\System32\msvcp_win.dll
0x00007ffa3aff0000 - 0x00007ffa3b0f0000 	C:\WINDOWS\System32\ucrtbase.dll
0x00007ffa2d8c0000 - 0x00007ffa2db5a000 	C:\WINDOWS\WinSxS\amd64_microsoft.windows.common-controls_6595b64144ccf1df_6.0.19041.844_none_ca00b6081b84eb1d\COMCTL32.dll
0x00007ffa3c380000 - 0x00007ffa3c3b0000 	C:\WINDOWS\System32\IMM32.DLL
0x00000000556c0000 - 0x0000000055792000 	C:\Program Files\Unity\Hub\Editor\2020.2.2f1\Editor\Data\PlaybackEngines\AndroidPlayer\OpenJDK\jre\bin\msvcr100.dll
0x0000000054e70000 - 0x00000000556b9000 	C:\Program Files\Unity\Hub\Editor\2020.2.2f1\Editor\Data\PlaybackEngines\AndroidPlayer\OpenJDK\jre\bin\server\jvm.dll
0x00007ffa3c600000 - 0x00007ffa3c608000 	C:\WINDOWS\System32\PSAPI.DLL
0x00007ffa25970000 - 0x00007ffa25979000 	C:\WINDOWS\SYSTEM32\WSOCK32.dll
0x00007ffa31300000 - 0x00007ffa31327000 	C:\WINDOWS\SYSTEM32\WINMM.dll
0x00007ffa31330000 - 0x00007ffa3133a000 	C:\WINDOWS\SYSTEM32\VERSION.dll
0x00007ffa3c210000 - 0x00007ffa3c27b000 	C:\WINDOWS\System32\WS2_32.dll
0x00007ffa379a0000 - 0x00007ffa379af000 	C:\Program Files\Unity\Hub\Editor\2020.2.2f1\Editor\Data\PlaybackEngines\AndroidPlayer\OpenJDK\jre\bin\verify.dll
0x00007ffa35320000 - 0x00007ffa35349000 	C:\Program Files\Unity\Hub\Editor\2020.2.2f1\Editor\Data\PlaybackEngines\AndroidPlayer\OpenJDK\jre\bin\java.dll
0x00007ffa35300000 - 0x00007ffa35316000 	C:\Program Files\Unity\Hub\Editor\2020.2.2f1\Editor\Data\PlaybackEngines\AndroidPlayer\OpenJDK\jre\bin\zip.dll
0x00007ffa3b630000 - 0x00007ffa3bd72000 	C:\WINDOWS\System32\SHELL32.dll
0x00007ffa38460000 - 0x00007ffa38bf0000 	C:\WINDOWS\SYSTEM32\windows.storage.dll
0x00007ffa3c610000 - 0x00007ffa3c965000 	C:\WINDOWS\System32\combase.dll
0x00007ffa3a310000 - 0x00007ffa3a33c000 	C:\WINDOWS\SYSTEM32\Wldp.dll
0x00007ffa3c160000 - 0x00007ffa3c20e000 	C:\WINDOWS\System32\SHCORE.dll
0x00007ffa3d190000 - 0x00007ffa3d1e5000 	C:\WINDOWS\System32\shlwapi.dll
0x00007ffa3a8b0000 - 0x00007ffa3a8cf000 	C:\WINDOWS\SYSTEM32\profapi.dll
0x00007ffa352e0000 - 0x00007ffa352fa000 	C:\Program Files\Unity\Hub\Editor\2020.2.2f1\Editor\Data\PlaybackEngines\AndroidPlayer\OpenJDK\jre\bin\net.dll
0x00007ffa3a040000 - 0x00007ffa3a0aa000 	C:\WINDOWS\system32\mswsock.dll
0x00007ffa1fd60000 - 0x00007ffa1fd71000 	C:\Program Files\Unity\Hub\Editor\2020.2.2f1\Editor\Data\PlaybackEngines\AndroidPlayer\OpenJDK\jre\bin\nio.dll
0x00007ffa1fcb0000 - 0x00007ffa1fcd4000 	C:\Program Files\Unity\Hub\Editor\2020.2.2f1\Editor\Data\PlaybackEngines\AndroidPlayer\OpenJDK\jre\bin\sunec.dll
0x00007ffa3a1f0000 - 0x00007ffa3a208000 	C:\WINDOWS\SYSTEM32\CRYPTSP.dll
0x00007ffa399f0000 - 0x00007ffa39a24000 	C:\WINDOWS\system32\rsaenh.dll
0x00007ffa3a9a0000 - 0x00007ffa3a9c7000 	C:\WINDOWS\System32\bcrypt.dll
0x00007ffa3a870000 - 0x00007ffa3a89e000 	C:\WINDOWS\SYSTEM32\USERENV.dll
0x00007ffa3af70000 - 0x00007ffa3aff0000 	C:\WINDOWS\System32\bcryptprimitives.dll
0x00007ffa3a210000 - 0x00007ffa3a21c000 	C:\WINDOWS\SYSTEM32\CRYPTBASE.dll
0x00007ffa39d40000 - 0x00007ffa39d7b000 	C:\WINDOWS\SYSTEM32\IPHLPAPI.DLL
0x00007ffa3b570000 - 0x00007ffa3b578000 	C:\WINDOWS\System32\NSI.dll
0x00007ffa2ea10000 - 0x00007ffa2ea27000 	C:\WINDOWS\SYSTEM32\dhcpcsvc6.DLL
0x00007ffa31a20000 - 0x00007ffa31a3d000 	C:\WINDOWS\SYSTEM32\dhcpcsvc.DLL
0x00007ffa39d90000 - 0x00007ffa39e5b000 	C:\WINDOWS\SYSTEM32\DNSAPI.dll
0x00007ffa334f0000 - 0x00007ffa334fb000 	C:\Program Files\Unity\Hub\Editor\2020.2.2f1\Editor\Data\PlaybackEngines\AndroidPlayer\OpenJDK\jre\bin\sunmscapi.dll
0x00007ffa3ae10000 - 0x00007ffa3af6f000 	C:\WINDOWS\System32\CRYPT32.dll
0x00007ffa2cd90000 - 0x00007ffa2cd9a000 	C:\Windows\System32\rasadhlp.dll
0x00007ffa2e030000 - 0x00007ffa2e0af000 	C:\WINDOWS\System32\fwpuclnt.dll

VM Arguments:
jvm_args: -Dfile.encoding=UTF-8 -Dcom.android.sdklib.toolsdir=C:\Program Files\Unity\Hub\Editor\2020.2.2f1\Editor\Data\PlaybackEngines\AndroidPlayer\SDK\tools\bin\\.. 
java_command: com.android.sdklib.tool.sdkmanager.SdkManagerCli --list
java_class_path (initial): C:\Program Files\Unity\Hub\Editor\2020.2.2f1\Editor\Data\PlaybackEngines\AndroidPlayer\SDK\tools\bin\..\lib\dvlib-26.0.0-dev.jar;C:\Program Files\Unity\Hub\Editor\2020.2.2f1\Editor\Data\PlaybackEngines\AndroidPlayer\SDK\tools\bin\..\lib\jimfs-1.1.jar;C:\Program Files\Unity\Hub\Editor\2020.2.2f1\Editor\Data\PlaybackEngines\AndroidPlayer\SDK\tools\bin\..\lib\jsr305-1.3.9.jar;C:\Program Files\Unity\Hub\Editor\2020.2.2f1\Editor\Data\PlaybackEngines\AndroidPlayer\SDK\tools\bin\..\lib\repository-26.0.0-dev.jar;C:\Program Files\Unity\Hub\Editor\2020.2.2f1\Editor\Data\PlaybackEngines\AndroidPlayer\SDK\tools\bin\..\lib\j2objc-annotations-1.1.jar;C:\Program Files\Unity\Hub\Editor\2020.2.2f1\Editor\Data\PlaybackEngines\AndroidPlayer\SDK\tools\bin\..\lib\layoutlib-api-26.0.0-dev.jar;C:\Program Files\Unity\Hub\Editor\2020.2.2f1\Editor\Data\PlaybackEngines\AndroidPlayer\SDK\tools\bin\..\lib\gson-2.3.jar;C:\Program Files\Unity\Hub\Editor\2020.2.2f1\Editor\Data\PlaybackEngines\AndroidPlayer\SDK\tools\bin\..\lib\httpcore-4.2.5.jar;C:\Program Files\Unity\Hub\Editor\2020.2.2f1\Editor\Data\PlaybackEngines\AndroidPlayer\SDK\tools\bin\..\lib\commons-logging-1.1.1.jar;C:\Program Files\Unity\Hub\Editor\2020.2.2f1\Editor\Data\PlaybackEngines\AndroidPlayer\SDK\tools\bin\..\lib\commons-compress-1.12.jar;C:\Program Files\Unity\Hub\Editor\2020.2.2f1\Editor\Data\PlaybackEngines\AndroidPlayer\SDK\tools\bin\..\lib\annotations-26.0.0-dev.jar;C:\Program Files\Unity\Hub\Editor\2020.2.2f1\Editor\Data\PlaybackEngines\AndroidPlayer\SDK\tools\bin\..\lib\error_prone_annotations-2.0.18.jar;C:\Program Files\Unity\Hub\Editor\2020.2.2f1\Editor\Data\PlaybackEngines\AndroidPlayer\SDK\tools\bin\..\lib\animal-sniffer-annotations-1.14.jar;C:\Program Files\Unity\Hub\Editor\2020.2.2f1\Editor\Data\PlaybackEngines\AndroidPlayer\SDK\tools\bin\..\lib\httpclient-4.2.6.jar;C:\Program Files\Unity\Hub\Editor\2020.2.2f1\Editor\Data\PlaybackEngines\AndroidPlayer\SDK\tools\bin\..\lib\commons-codec-
Launcher Type: SUN_STANDARD

Environment Variables:
JAVA_HOME=C:\Program Files\Unity\Hub\Editor\2020.2.2f1\Editor\Data\PlaybackEngines\AndroidPlayer\OpenJDK
JAVA_TOOL_OPTIONS=-Dfile.encoding=UTF-8
PATH=C:\Program Files\Zulu\zulu-11\bin\;C:\Program Files\Oculus\Support\oculus-runtime;C:\Program Files (x86)\NVIDIA Corporation\PhysX\Common;C:\WINDOWS\system32;C:\WINDOWS;C:\WINDOWS\System32\Wbem;C:\WINDOWS\System32\WindowsPowerShell\v1.0\;C:\WINDOWS\System32\OpenSSH\;C:\Program Files (x86)\vim\vim82;C:\Program Files\dotnet\;C:\Program Files\Git\cmd;C:\Ruby26-x64\bin;C:\Users\rod_i\AppData\Local\Microsoft\WindowsApps;C:\Users\rod_i\.dotnet\tools;C:\Users\rod_i\AppData\Local\Programs\Microsoft VS Code\bin
USERNAME=rod_i
OS=Windows_NT
PROCESSOR_IDENTIFIER=AMD64 Family 23 Model 24 Stepping 1, AuthenticAMD



---------------  S Y S T E M  ---------------

OS: Windows 10.0 , 64 bit Build 19041 (10.0.19041.804)

CPU:total 8 (initial active 8) (8 cores per cpu, 1 threads per core) family 23 model 24 stepping 1, cmov, cx8, fxsr, mmx, sse, sse2, sse3, ssse3, sse4.1, sse4.2, popcnt, avx, avx2, aes, clmul, mmxext, 3dnowpref, lzcnt, sse4a, tsc, tscinvbit, tscinv, bmi1

Memory: 4k page, physical 7274124k(346500k free), swap 29294220k(2220k free)

vm_info: OpenJDK 64-Bit Server VM (25.71-b00) for windows-amd64 JRE (1.8.0-adoptopenjdk-_2018_05_19_00_59-b00), built on May 19 2018 01:02:12 by "jenkins" with MS VC++ 10.0 (VS2010)

time: Wed Apr 21 09:02:30 2021
elapsed time: 5 seconds (0d 0h 0m 5s)

